2015-05-03 21:01:08,653 INFO [main] o.s.x.e.Ec2Installer [Ec2Installer.java:216] Properties used are:PORT -- 15005
2015-05-03 21:01:08,655 INFO [main] o.s.x.e.Ec2Installer [Ec2Installer.java:216] Properties used are:XD_HADOOP_DISTRO -- hadoop22
2015-05-03 21:01:08,656 INFO [main] o.s.x.e.Ec2Installer [Ec2Installer.java:216] Properties used are:ami -- ami-c7d092f7
2015-05-03 21:01:08,656 INFO [main] o.s.x.e.Ec2Installer [Ec2Installer.java:216] Properties used are:instance-provision-wait-time -- 60000
2015-05-03 21:01:08,656 INFO [main] o.s.x.e.Ec2Installer [Ec2Installer.java:216] Properties used are:spring.hadoop.fsUri -- tbd
2015-05-03 21:01:08,656 INFO [main] o.s.x.e.Ec2Installer [Ec2Installer.java:216] Properties used are:server.port -- 9393
2015-05-03 21:01:08,656 INFO [main] o.s.x.e.Ec2Installer [Ec2Installer.java:216] Properties used are:xd-third-party-jar-urls -- 
2015-05-03 21:01:08,656 INFO [main] o.s.x.e.Ec2Installer [Ec2Installer.java:216] Properties used are:zone -- us-west-2b
2015-05-03 21:01:08,656 INFO [main] o.s.x.e.Ec2Installer [Ec2Installer.java:216] Properties used are:mqtt.password -- guest
2015-05-03 21:01:08,656 INFO [main] o.s.x.e.Ec2Installer [Ec2Installer.java:216] Properties used are:mqtt.username -- guest
2015-05-03 21:01:08,657 INFO [main] o.s.x.e.Ec2Installer [Ec2Installer.java:216] Properties used are:description -- XD-Parcels-Instance
2015-05-03 21:01:08,657 INFO [main] o.s.x.e.Ec2Installer [Ec2Installer.java:216] Properties used are:spring_zookeeper_port -- 2181
2015-05-03 21:01:08,657 INFO [main] o.s.x.e.Ec2Installer [Ec2Installer.java:216] Properties used are:spring.datasource.url -- 
2015-05-03 21:01:08,657 INFO [main] o.s.x.e.Ec2Installer [Ec2Installer.java:216] Properties used are:management.port -- 15000
2015-05-03 21:01:08,657 INFO [main] o.s.x.e.Ec2Installer [Ec2Installer.java:216] Properties used are:public-key-name -- AWS-XDNode-Development
2015-05-03 21:01:08,657 INFO [main] o.s.x.e.Ec2Installer [Ec2Installer.java:216] Properties used are:machine-size -- small
2015-05-03 21:01:08,657 INFO [main] o.s.x.e.Ec2Installer [Ec2Installer.java:216] Properties used are:xd-release -- spring-xd-1.0.2.BUILD-SNAPSHOT
2015-05-03 21:01:08,657 INFO [main] o.s.x.e.Ec2Installer [Ec2Installer.java:216] Properties used are:security-group -- CentOS 7 -x86_64- with Updates HVM-7 2014-09-29-AutogenByAWSMP-1
2015-05-03 21:01:08,658 INFO [main] o.s.x.e.Ec2Installer [Ec2Installer.java:216] Properties used are:spring.datasource.password -- 
2015-05-03 21:01:08,658 INFO [main] o.s.x.e.Ec2Installer [Ec2Installer.java:216] Properties used are:spring.datasource.username -- 
2015-05-03 21:01:08,658 INFO [main] o.s.x.e.Ec2Installer [Ec2Installer.java:216] Properties used are:JVM_OPTS -- "-XX:PermSize=256m"
2015-05-03 21:01:08,658 INFO [main] o.s.x.e.Ec2Installer [Ec2Installer.java:216] Properties used are:xd-dist-url -- https://repo.spring.io/libs-snapshot-local/org/springframework/xd/spring-xd/1.0.2.BUILD-SNAPSHOT/spring-xd-1.0.2.BUILD-SNAPSHOT-dist.zip
2015-05-03 21:01:08,658 INFO [main] o.s.x.e.Ec2Installer [Ec2Installer.java:216] Properties used are:endpoints.jmx.enabled -- true
2015-05-03 21:01:08,658 INFO [main] o.s.x.e.Ec2Installer [Ec2Installer.java:216] Properties used are:multi-node -- true
2015-05-03 21:01:08,658 INFO [main] o.s.x.e.Ec2Installer [Ec2Installer.java:216] Properties used are:mqtt.default.client.id -- xd.mqtt.client.id
2015-05-03 21:01:08,658 INFO [main] o.s.x.e.Ec2Installer [Ec2Installer.java:216] Properties used are:XD_TRANSPORT -- rabbit
2015-05-03 21:01:08,659 INFO [main] o.s.x.e.Ec2Installer [Ec2Installer.java:216] Properties used are:aws-access-key -- 
2015-05-03 21:01:08,659 INFO [main] o.s.x.e.Ec2Installer [Ec2Installer.java:216] Properties used are:number-nodes -- 1
2015-05-03 21:01:08,659 INFO [main] o.s.x.e.Ec2Installer [Ec2Installer.java:216] Properties used are:mqtt.default.topic -- xd.mqtt.test
2015-05-03 21:01:08,659 INFO [main] o.s.x.e.Ec2Installer [Ec2Installer.java:216] Properties used are:spring.datasource.driverClassName -- 
2015-05-03 21:01:08,659 INFO [main] o.s.x.e.Ec2Installer [Ec2Installer.java:216] Properties used are:private-key-file -- J:/MyDocuments/development/AWS/AWS-XDNode-Development.pem
2015-05-03 21:01:08,659 INFO [main] o.s.x.e.Ec2Installer [Ec2Installer.java:216] Properties used are:user-name -- parcels-user
2015-05-03 21:01:08,659 INFO [main] o.s.x.e.Ec2Installer [Ec2Installer.java:216] Properties used are:endpoints.jmx.uniqueNames -- true
2015-05-03 21:01:08,659 INFO [main] o.s.x.e.Ec2Installer [Ec2Installer.java:216] Properties used are:cluster-name -- Parcels XD Cluster
2015-05-03 21:01:08,659 INFO [main] o.s.x.e.Ec2Installer [Ec2Installer.java:216] Properties used are:brokerURL -- tcp://localhost:61616
2015-05-03 21:01:08,660 INFO [main] o.s.x.e.Ec2Installer [Ec2Installer.java:216] Properties used are:region -- us-west-2
2015-05-03 21:01:08,660 INFO [main] o.s.x.e.Ec2Installer [Ec2Installer.java:216] Properties used are:aws-secret-key -- 
2015-05-03 21:01:08,660 INFO [main] o.s.x.e.Ec2Installer [Ec2Installer.java:216] Properties used are:XD_JMX_ENABLED -- true
2015-05-03 21:01:08,660 INFO [main] o.s.x.e.Ec2Installer [Ec2Installer.java:216] Properties used are:endpoints.jolokia.enabled -- true
2015-05-03 21:01:08,702 INFO [main] o.s.x.e.Ec2Installer [Ec2Installer.java:216] Properties used are:PORT -- 15005
2015-05-03 21:01:08,702 INFO [main] o.s.x.e.Ec2Installer [Ec2Installer.java:216] Properties used are:XD_HADOOP_DISTRO -- hadoop22
2015-05-03 21:01:08,702 INFO [main] o.s.x.e.Ec2Installer [Ec2Installer.java:216] Properties used are:ami -- ami-c7d092f7
2015-05-03 21:01:08,702 INFO [main] o.s.x.e.Ec2Installer [Ec2Installer.java:216] Properties used are:instance-provision-wait-time -- 60000
2015-05-03 21:01:08,702 INFO [main] o.s.x.e.Ec2Installer [Ec2Installer.java:216] Properties used are:spring.hadoop.fsUri -- tbd
2015-05-03 21:01:08,702 INFO [main] o.s.x.e.Ec2Installer [Ec2Installer.java:216] Properties used are:server.port -- 9393
2015-05-03 21:01:08,702 INFO [main] o.s.x.e.Ec2Installer [Ec2Installer.java:216] Properties used are:xd-third-party-jar-urls -- 
2015-05-03 21:01:08,702 INFO [main] o.s.x.e.Ec2Installer [Ec2Installer.java:216] Properties used are:zone -- us-west-2b
2015-05-03 21:01:08,703 INFO [main] o.s.x.e.Ec2Installer [Ec2Installer.java:216] Properties used are:mqtt.password -- guest
2015-05-03 21:01:08,703 INFO [main] o.s.x.e.Ec2Installer [Ec2Installer.java:216] Properties used are:mqtt.username -- guest
2015-05-03 21:01:08,703 INFO [main] o.s.x.e.Ec2Installer [Ec2Installer.java:216] Properties used are:description -- XD-Parcels-Instance
2015-05-03 21:01:08,703 INFO [main] o.s.x.e.Ec2Installer [Ec2Installer.java:216] Properties used are:spring_zookeeper_port -- 2181
2015-05-03 21:01:08,703 INFO [main] o.s.x.e.Ec2Installer [Ec2Installer.java:216] Properties used are:spring.datasource.url -- 
2015-05-03 21:01:08,703 INFO [main] o.s.x.e.Ec2Installer [Ec2Installer.java:216] Properties used are:management.port -- 15000
2015-05-03 21:01:08,703 INFO [main] o.s.x.e.Ec2Installer [Ec2Installer.java:216] Properties used are:public-key-name -- AWS-XDNode-Development
2015-05-03 21:01:08,703 INFO [main] o.s.x.e.Ec2Installer [Ec2Installer.java:216] Properties used are:machine-size -- small
2015-05-03 21:01:08,704 INFO [main] o.s.x.e.Ec2Installer [Ec2Installer.java:216] Properties used are:xd-release -- spring-xd-1.0.2.BUILD-SNAPSHOT
2015-05-03 21:01:08,704 INFO [main] o.s.x.e.Ec2Installer [Ec2Installer.java:216] Properties used are:security-group -- CentOS 7 -x86_64- with Updates HVM-7 2014-09-29-AutogenByAWSMP-1
2015-05-03 21:01:08,704 INFO [main] o.s.x.e.Ec2Installer [Ec2Installer.java:216] Properties used are:spring.datasource.password -- 
2015-05-03 21:01:08,704 INFO [main] o.s.x.e.Ec2Installer [Ec2Installer.java:216] Properties used are:spring.datasource.username -- 
2015-05-03 21:01:08,704 INFO [main] o.s.x.e.Ec2Installer [Ec2Installer.java:216] Properties used are:JVM_OPTS -- "-XX:PermSize=256m"
2015-05-03 21:01:08,704 INFO [main] o.s.x.e.Ec2Installer [Ec2Installer.java:216] Properties used are:xd-dist-url -- https://repo.spring.io/libs-snapshot-local/org/springframework/xd/spring-xd/1.0.2.BUILD-SNAPSHOT/spring-xd-1.0.2.BUILD-SNAPSHOT-dist.zip
2015-05-03 21:01:08,704 INFO [main] o.s.x.e.Ec2Installer [Ec2Installer.java:216] Properties used are:endpoints.jmx.enabled -- true
2015-05-03 21:01:08,705 INFO [main] o.s.x.e.Ec2Installer [Ec2Installer.java:216] Properties used are:multi-node -- true
2015-05-03 21:01:08,705 INFO [main] o.s.x.e.Ec2Installer [Ec2Installer.java:216] Properties used are:mqtt.default.client.id -- xd.mqtt.client.id
2015-05-03 21:01:08,705 INFO [main] o.s.x.e.Ec2Installer [Ec2Installer.java:216] Properties used are:XD_TRANSPORT -- rabbit
2015-05-03 21:01:08,705 INFO [main] o.s.x.e.Ec2Installer [Ec2Installer.java:216] Properties used are:aws-access-key -- 
2015-05-03 21:01:08,705 INFO [main] o.s.x.e.Ec2Installer [Ec2Installer.java:216] Properties used are:number-nodes -- 1
2015-05-03 21:01:08,705 INFO [main] o.s.x.e.Ec2Installer [Ec2Installer.java:216] Properties used are:mqtt.default.topic -- xd.mqtt.test
2015-05-03 21:01:08,706 INFO [main] o.s.x.e.Ec2Installer [Ec2Installer.java:216] Properties used are:spring.datasource.driverClassName -- 
2015-05-03 21:01:08,706 INFO [main] o.s.x.e.Ec2Installer [Ec2Installer.java:216] Properties used are:private-key-file -- J:/MyDocuments/development/AWS/AWS-XDNode-Development.pem
2015-05-03 21:01:08,706 INFO [main] o.s.x.e.Ec2Installer [Ec2Installer.java:216] Properties used are:user-name -- parcels-user
2015-05-03 21:01:08,706 INFO [main] o.s.x.e.Ec2Installer [Ec2Installer.java:216] Properties used are:endpoints.jmx.uniqueNames -- true
2015-05-03 21:01:08,706 INFO [main] o.s.x.e.Ec2Installer [Ec2Installer.java:216] Properties used are:cluster-name -- Parcels XD Cluster
2015-05-03 21:01:08,706 INFO [main] o.s.x.e.Ec2Installer [Ec2Installer.java:216] Properties used are:brokerURL -- tcp://localhost:61616
2015-05-03 21:01:08,706 INFO [main] o.s.x.e.Ec2Installer [Ec2Installer.java:216] Properties used are:region -- us-west-2
2015-05-03 21:01:08,707 INFO [main] o.s.x.e.Ec2Installer [Ec2Installer.java:216] Properties used are:aws-secret-key -- 
2015-05-03 21:01:08,707 INFO [main] o.s.x.e.Ec2Installer [Ec2Installer.java:216] Properties used are:XD_JMX_ENABLED -- true
2015-05-03 21:01:08,707 INFO [main] o.s.x.e.Ec2Installer [Ec2Installer.java:216] Properties used are:endpoints.jolokia.enabled -- true
2015-05-05 20:04:49,801 INFO [main] o.s.x.e.Ec2Installer [Ec2Installer.java:216] Properties used are:PORT -- 15005
2015-05-05 20:04:49,804 INFO [main] o.s.x.e.Ec2Installer [Ec2Installer.java:216] Properties used are:XD_HADOOP_DISTRO -- hadoop22
2015-05-05 20:04:49,804 INFO [main] o.s.x.e.Ec2Installer [Ec2Installer.java:216] Properties used are:ami -- ami-c7d092f7
2015-05-05 20:04:49,804 INFO [main] o.s.x.e.Ec2Installer [Ec2Installer.java:216] Properties used are:instance-provision-wait-time -- 60000
2015-05-05 20:04:49,805 INFO [main] o.s.x.e.Ec2Installer [Ec2Installer.java:216] Properties used are:spring.hadoop.fsUri -- tbd
2015-05-05 20:04:49,805 INFO [main] o.s.x.e.Ec2Installer [Ec2Installer.java:216] Properties used are:server.port -- 9393
2015-05-05 20:04:49,805 INFO [main] o.s.x.e.Ec2Installer [Ec2Installer.java:216] Properties used are:xd-third-party-jar-urls -- 
2015-05-05 20:04:49,805 INFO [main] o.s.x.e.Ec2Installer [Ec2Installer.java:216] Properties used are:zone -- us-west-2b
2015-05-05 20:04:49,805 INFO [main] o.s.x.e.Ec2Installer [Ec2Installer.java:216] Properties used are:mqtt.password -- guest
2015-05-05 20:04:49,805 INFO [main] o.s.x.e.Ec2Installer [Ec2Installer.java:216] Properties used are:mqtt.username -- guest
2015-05-05 20:04:49,806 INFO [main] o.s.x.e.Ec2Installer [Ec2Installer.java:216] Properties used are:description -- XD-Parcels-Instance
2015-05-05 20:04:49,806 INFO [main] o.s.x.e.Ec2Installer [Ec2Installer.java:216] Properties used are:spring_zookeeper_port -- 2181
2015-05-05 20:04:49,806 INFO [main] o.s.x.e.Ec2Installer [Ec2Installer.java:216] Properties used are:spring.datasource.url -- 
2015-05-05 20:04:49,806 INFO [main] o.s.x.e.Ec2Installer [Ec2Installer.java:216] Properties used are:management.port -- 15000
2015-05-05 20:04:49,806 INFO [main] o.s.x.e.Ec2Installer [Ec2Installer.java:216] Properties used are:public-key-name -- AWS-XDNode-Development
2015-05-05 20:04:49,806 INFO [main] o.s.x.e.Ec2Installer [Ec2Installer.java:216] Properties used are:machine-size -- small
2015-05-05 20:04:49,806 INFO [main] o.s.x.e.Ec2Installer [Ec2Installer.java:216] Properties used are:xd-release -- spring-xd-1.0.2.BUILD-SNAPSHOT
2015-05-05 20:04:49,806 INFO [main] o.s.x.e.Ec2Installer [Ec2Installer.java:216] Properties used are:security-group -- CentOS 7 -x86_64- with Updates HVM-7 2014-09-29-AutogenByAWSMP-1
2015-05-05 20:04:49,807 INFO [main] o.s.x.e.Ec2Installer [Ec2Installer.java:216] Properties used are:spring.datasource.password -- 
2015-05-05 20:04:49,807 INFO [main] o.s.x.e.Ec2Installer [Ec2Installer.java:216] Properties used are:spring.datasource.username -- 
2015-05-05 20:04:49,807 INFO [main] o.s.x.e.Ec2Installer [Ec2Installer.java:216] Properties used are:JVM_OPTS -- "-XX:PermSize=256m"
2015-05-05 20:04:49,807 INFO [main] o.s.x.e.Ec2Installer [Ec2Installer.java:216] Properties used are:xd-dist-url -- https://repo.spring.io/libs-snapshot-local/org/springframework/xd/spring-xd/1.0.2.BUILD-SNAPSHOT/spring-xd-1.0.2.BUILD-SNAPSHOT-dist.zip
2015-05-05 20:04:49,807 INFO [main] o.s.x.e.Ec2Installer [Ec2Installer.java:216] Properties used are:endpoints.jmx.enabled -- true
2015-05-05 20:04:49,807 INFO [main] o.s.x.e.Ec2Installer [Ec2Installer.java:216] Properties used are:multi-node -- true
2015-05-05 20:04:49,807 INFO [main] o.s.x.e.Ec2Installer [Ec2Installer.java:216] Properties used are:mqtt.default.client.id -- xd.mqtt.client.id
2015-05-05 20:04:49,808 INFO [main] o.s.x.e.Ec2Installer [Ec2Installer.java:216] Properties used are:XD_TRANSPORT -- rabbit
2015-05-05 20:04:49,808 INFO [main] o.s.x.e.Ec2Installer [Ec2Installer.java:216] Properties used are:aws-access-key -- 
2015-05-05 20:04:49,808 INFO [main] o.s.x.e.Ec2Installer [Ec2Installer.java:216] Properties used are:number-nodes -- 1
2015-05-05 20:04:49,808 INFO [main] o.s.x.e.Ec2Installer [Ec2Installer.java:216] Properties used are:mqtt.default.topic -- xd.mqtt.test
2015-05-05 20:04:49,808 INFO [main] o.s.x.e.Ec2Installer [Ec2Installer.java:216] Properties used are:spring.datasource.driverClassName -- 
2015-05-05 20:04:49,808 INFO [main] o.s.x.e.Ec2Installer [Ec2Installer.java:216] Properties used are:private-key-file -- J:/MyDocuments/development/AWS/AWS-XDNode-Development.pem
2015-05-05 20:04:49,808 INFO [main] o.s.x.e.Ec2Installer [Ec2Installer.java:216] Properties used are:user-name -- parcels-user
2015-05-05 20:04:49,808 INFO [main] o.s.x.e.Ec2Installer [Ec2Installer.java:216] Properties used are:endpoints.jmx.uniqueNames -- true
2015-05-05 20:04:49,809 INFO [main] o.s.x.e.Ec2Installer [Ec2Installer.java:216] Properties used are:cluster-name -- Parcels XD Cluster
2015-05-05 20:04:49,809 INFO [main] o.s.x.e.Ec2Installer [Ec2Installer.java:216] Properties used are:brokerURL -- tcp://localhost:61616
2015-05-05 20:04:49,809 INFO [main] o.s.x.e.Ec2Installer [Ec2Installer.java:216] Properties used are:region -- us-west-2
2015-05-05 20:04:49,809 INFO [main] o.s.x.e.Ec2Installer [Ec2Installer.java:216] Properties used are:aws-secret-key -- 
2015-05-05 20:04:49,809 INFO [main] o.s.x.e.Ec2Installer [Ec2Installer.java:216] Properties used are:XD_JMX_ENABLED -- true
2015-05-05 20:04:49,810 INFO [main] o.s.x.e.Ec2Installer [Ec2Installer.java:216] Properties used are:endpoints.jolokia.enabled -- true
2015-05-05 20:04:49,853 INFO [main] o.s.x.e.Ec2Installer [Ec2Installer.java:216] Properties used are:PORT -- 15005
2015-05-05 20:04:49,853 INFO [main] o.s.x.e.Ec2Installer [Ec2Installer.java:216] Properties used are:XD_HADOOP_DISTRO -- hadoop22
2015-05-05 20:04:49,853 INFO [main] o.s.x.e.Ec2Installer [Ec2Installer.java:216] Properties used are:ami -- ami-c7d092f7
2015-05-05 20:04:49,853 INFO [main] o.s.x.e.Ec2Installer [Ec2Installer.java:216] Properties used are:instance-provision-wait-time -- 60000
2015-05-05 20:04:49,853 INFO [main] o.s.x.e.Ec2Installer [Ec2Installer.java:216] Properties used are:spring.hadoop.fsUri -- tbd
2015-05-05 20:04:49,853 INFO [main] o.s.x.e.Ec2Installer [Ec2Installer.java:216] Properties used are:server.port -- 9393
2015-05-05 20:04:49,854 INFO [main] o.s.x.e.Ec2Installer [Ec2Installer.java:216] Properties used are:xd-third-party-jar-urls -- 
2015-05-05 20:04:49,854 INFO [main] o.s.x.e.Ec2Installer [Ec2Installer.java:216] Properties used are:zone -- us-west-2b
2015-05-05 20:04:49,854 INFO [main] o.s.x.e.Ec2Installer [Ec2Installer.java:216] Properties used are:mqtt.password -- guest
2015-05-05 20:04:49,854 INFO [main] o.s.x.e.Ec2Installer [Ec2Installer.java:216] Properties used are:mqtt.username -- guest
2015-05-05 20:04:49,854 INFO [main] o.s.x.e.Ec2Installer [Ec2Installer.java:216] Properties used are:description -- XD-Parcels-Instance
2015-05-05 20:04:49,854 INFO [main] o.s.x.e.Ec2Installer [Ec2Installer.java:216] Properties used are:spring_zookeeper_port -- 2181
2015-05-05 20:04:49,854 INFO [main] o.s.x.e.Ec2Installer [Ec2Installer.java:216] Properties used are:spring.datasource.url -- 
2015-05-05 20:04:49,854 INFO [main] o.s.x.e.Ec2Installer [Ec2Installer.java:216] Properties used are:management.port -- 15000
2015-05-05 20:04:49,855 INFO [main] o.s.x.e.Ec2Installer [Ec2Installer.java:216] Properties used are:public-key-name -- AWS-XDNode-Development
2015-05-05 20:04:49,855 INFO [main] o.s.x.e.Ec2Installer [Ec2Installer.java:216] Properties used are:machine-size -- small
2015-05-05 20:04:49,855 INFO [main] o.s.x.e.Ec2Installer [Ec2Installer.java:216] Properties used are:xd-release -- spring-xd-1.0.2.BUILD-SNAPSHOT
2015-05-05 20:04:49,855 INFO [main] o.s.x.e.Ec2Installer [Ec2Installer.java:216] Properties used are:security-group -- CentOS 7 -x86_64- with Updates HVM-7 2014-09-29-AutogenByAWSMP-1
2015-05-05 20:04:49,855 INFO [main] o.s.x.e.Ec2Installer [Ec2Installer.java:216] Properties used are:spring.datasource.password -- 
2015-05-05 20:04:49,855 INFO [main] o.s.x.e.Ec2Installer [Ec2Installer.java:216] Properties used are:spring.datasource.username -- 
2015-05-05 20:04:49,855 INFO [main] o.s.x.e.Ec2Installer [Ec2Installer.java:216] Properties used are:JVM_OPTS -- "-XX:PermSize=256m"
2015-05-05 20:04:49,855 INFO [main] o.s.x.e.Ec2Installer [Ec2Installer.java:216] Properties used are:xd-dist-url -- https://repo.spring.io/libs-snapshot-local/org/springframework/xd/spring-xd/1.0.2.BUILD-SNAPSHOT/spring-xd-1.0.2.BUILD-SNAPSHOT-dist.zip
2015-05-05 20:04:49,856 INFO [main] o.s.x.e.Ec2Installer [Ec2Installer.java:216] Properties used are:endpoints.jmx.enabled -- true
2015-05-05 20:04:49,856 INFO [main] o.s.x.e.Ec2Installer [Ec2Installer.java:216] Properties used are:multi-node -- true
2015-05-05 20:04:49,856 INFO [main] o.s.x.e.Ec2Installer [Ec2Installer.java:216] Properties used are:mqtt.default.client.id -- xd.mqtt.client.id
2015-05-05 20:04:49,856 INFO [main] o.s.x.e.Ec2Installer [Ec2Installer.java:216] Properties used are:XD_TRANSPORT -- rabbit
2015-05-05 20:04:49,856 INFO [main] o.s.x.e.Ec2Installer [Ec2Installer.java:216] Properties used are:aws-access-key -- 
2015-05-05 20:04:49,856 INFO [main] o.s.x.e.Ec2Installer [Ec2Installer.java:216] Properties used are:number-nodes -- 1
2015-05-05 20:04:49,856 INFO [main] o.s.x.e.Ec2Installer [Ec2Installer.java:216] Properties used are:mqtt.default.topic -- xd.mqtt.test
2015-05-05 20:04:49,856 INFO [main] o.s.x.e.Ec2Installer [Ec2Installer.java:216] Properties used are:spring.datasource.driverClassName -- 
2015-05-05 20:04:49,857 INFO [main] o.s.x.e.Ec2Installer [Ec2Installer.java:216] Properties used are:private-key-file -- J:/MyDocuments/development/AWS/AWS-XDNode-Development.pem
2015-05-05 20:04:49,857 INFO [main] o.s.x.e.Ec2Installer [Ec2Installer.java:216] Properties used are:user-name -- parcels-user
2015-05-05 20:04:49,857 INFO [main] o.s.x.e.Ec2Installer [Ec2Installer.java:216] Properties used are:endpoints.jmx.uniqueNames -- true
2015-05-05 20:04:49,857 INFO [main] o.s.x.e.Ec2Installer [Ec2Installer.java:216] Properties used are:cluster-name -- Parcels XD Cluster
2015-05-05 20:04:49,857 INFO [main] o.s.x.e.Ec2Installer [Ec2Installer.java:216] Properties used are:brokerURL -- tcp://localhost:61616
2015-05-05 20:04:49,857 INFO [main] o.s.x.e.Ec2Installer [Ec2Installer.java:216] Properties used are:region -- us-west-2
2015-05-05 20:04:49,857 INFO [main] o.s.x.e.Ec2Installer [Ec2Installer.java:216] Properties used are:aws-secret-key -- 
2015-05-05 20:04:49,857 INFO [main] o.s.x.e.Ec2Installer [Ec2Installer.java:216] Properties used are:XD_JMX_ENABLED -- true
2015-05-05 20:04:49,858 INFO [main] o.s.x.e.Ec2Installer [Ec2Installer.java:216] Properties used are:endpoints.jolokia.enabled -- true
2015-05-05 20:35:17,806 INFO [main] o.s.x.e.Ec2Installer [Ec2Installer.java:216] Properties used are:PORT -- 15005
2015-05-05 20:35:17,808 INFO [main] o.s.x.e.Ec2Installer [Ec2Installer.java:216] Properties used are:XD_HADOOP_DISTRO -- hadoop22
2015-05-05 20:35:17,808 INFO [main] o.s.x.e.Ec2Installer [Ec2Installer.java:216] Properties used are:ami -- ami-c7d092f7
2015-05-05 20:35:17,808 INFO [main] o.s.x.e.Ec2Installer [Ec2Installer.java:216] Properties used are:instance-provision-wait-time -- 60000
2015-05-05 20:35:17,808 INFO [main] o.s.x.e.Ec2Installer [Ec2Installer.java:216] Properties used are:spring.hadoop.fsUri -- tbd
2015-05-05 20:35:17,809 INFO [main] o.s.x.e.Ec2Installer [Ec2Installer.java:216] Properties used are:server.port -- 9393
2015-05-05 20:35:17,809 INFO [main] o.s.x.e.Ec2Installer [Ec2Installer.java:216] Properties used are:xd-third-party-jar-urls -- 
2015-05-05 20:35:17,809 INFO [main] o.s.x.e.Ec2Installer [Ec2Installer.java:216] Properties used are:zone -- us-west-2b
2015-05-05 20:35:17,809 INFO [main] o.s.x.e.Ec2Installer [Ec2Installer.java:216] Properties used are:mqtt.password -- guest
2015-05-05 20:35:17,809 INFO [main] o.s.x.e.Ec2Installer [Ec2Installer.java:216] Properties used are:mqtt.username -- guest
2015-05-05 20:35:17,809 INFO [main] o.s.x.e.Ec2Installer [Ec2Installer.java:216] Properties used are:description -- XD-Parcels-Instance
2015-05-05 20:35:17,809 INFO [main] o.s.x.e.Ec2Installer [Ec2Installer.java:216] Properties used are:spring_zookeeper_port -- 2181
2015-05-05 20:35:17,809 INFO [main] o.s.x.e.Ec2Installer [Ec2Installer.java:216] Properties used are:spring.datasource.url -- 
2015-05-05 20:35:17,810 INFO [main] o.s.x.e.Ec2Installer [Ec2Installer.java:216] Properties used are:management.port -- 15000
2015-05-05 20:35:17,810 INFO [main] o.s.x.e.Ec2Installer [Ec2Installer.java:216] Properties used are:public-key-name -- AWS-XDNode-Development
2015-05-05 20:35:17,810 INFO [main] o.s.x.e.Ec2Installer [Ec2Installer.java:216] Properties used are:machine-size -- small
2015-05-05 20:35:17,810 INFO [main] o.s.x.e.Ec2Installer [Ec2Installer.java:216] Properties used are:xd-release -- spring-xd-1.0.2.BUILD-SNAPSHOT
2015-05-05 20:35:17,810 INFO [main] o.s.x.e.Ec2Installer [Ec2Installer.java:216] Properties used are:security-group -- CentOS 7 -x86_64- with Updates HVM-7 2014-09-29-AutogenByAWSMP-1
2015-05-05 20:35:17,810 INFO [main] o.s.x.e.Ec2Installer [Ec2Installer.java:216] Properties used are:spring.datasource.password -- 
2015-05-05 20:35:17,810 INFO [main] o.s.x.e.Ec2Installer [Ec2Installer.java:216] Properties used are:spring.datasource.username -- 
2015-05-05 20:35:17,810 INFO [main] o.s.x.e.Ec2Installer [Ec2Installer.java:216] Properties used are:JVM_OPTS -- "-XX:PermSize=256m"
2015-05-05 20:35:17,811 INFO [main] o.s.x.e.Ec2Installer [Ec2Installer.java:216] Properties used are:xd-dist-url -- https://repo.spring.io/libs-snapshot-local/org/springframework/xd/spring-xd/1.0.2.BUILD-SNAPSHOT/spring-xd-1.0.2.BUILD-SNAPSHOT-dist.zip
2015-05-05 20:35:17,811 INFO [main] o.s.x.e.Ec2Installer [Ec2Installer.java:216] Properties used are:endpoints.jmx.enabled -- true
2015-05-05 20:35:17,811 INFO [main] o.s.x.e.Ec2Installer [Ec2Installer.java:216] Properties used are:multi-node -- true
2015-05-05 20:35:17,811 INFO [main] o.s.x.e.Ec2Installer [Ec2Installer.java:216] Properties used are:mqtt.default.client.id -- xd.mqtt.client.id
2015-05-05 20:35:17,811 INFO [main] o.s.x.e.Ec2Installer [Ec2Installer.java:216] Properties used are:XD_TRANSPORT -- rabbit
2015-05-05 20:35:17,811 INFO [main] o.s.x.e.Ec2Installer [Ec2Installer.java:216] Properties used are:aws-access-key -- 
2015-05-05 20:35:17,811 INFO [main] o.s.x.e.Ec2Installer [Ec2Installer.java:216] Properties used are:number-nodes -- 1
2015-05-05 20:35:17,811 INFO [main] o.s.x.e.Ec2Installer [Ec2Installer.java:216] Properties used are:mqtt.default.topic -- xd.mqtt.test
2015-05-05 20:35:17,812 INFO [main] o.s.x.e.Ec2Installer [Ec2Installer.java:216] Properties used are:spring.datasource.driverClassName -- 
2015-05-05 20:35:17,812 INFO [main] o.s.x.e.Ec2Installer [Ec2Installer.java:216] Properties used are:private-key-file -- J:/MyDocuments/development/AWS/AWS-XDNode-Development.pem
2015-05-05 20:35:17,812 INFO [main] o.s.x.e.Ec2Installer [Ec2Installer.java:216] Properties used are:user-name -- parcels-user
2015-05-05 20:35:17,812 INFO [main] o.s.x.e.Ec2Installer [Ec2Installer.java:216] Properties used are:endpoints.jmx.uniqueNames -- true
2015-05-05 20:35:17,812 INFO [main] o.s.x.e.Ec2Installer [Ec2Installer.java:216] Properties used are:cluster-name -- Parcels XD Cluster
2015-05-05 20:35:17,812 INFO [main] o.s.x.e.Ec2Installer [Ec2Installer.java:216] Properties used are:brokerURL -- tcp://localhost:61616
2015-05-05 20:35:17,812 INFO [main] o.s.x.e.Ec2Installer [Ec2Installer.java:216] Properties used are:region -- us-west-2
2015-05-05 20:35:17,812 INFO [main] o.s.x.e.Ec2Installer [Ec2Installer.java:216] Properties used are:aws-secret-key -- 
2015-05-05 20:35:17,812 INFO [main] o.s.x.e.Ec2Installer [Ec2Installer.java:216] Properties used are:XD_JMX_ENABLED -- true
2015-05-05 20:35:17,813 INFO [main] o.s.x.e.Ec2Installer [Ec2Installer.java:216] Properties used are:endpoints.jolokia.enabled -- true
2015-05-05 20:35:17,861 INFO [main] o.s.x.e.Ec2Installer [Ec2Installer.java:216] Properties used are:PORT -- 15005
2015-05-05 20:35:17,861 INFO [main] o.s.x.e.Ec2Installer [Ec2Installer.java:216] Properties used are:XD_HADOOP_DISTRO -- hadoop22
2015-05-05 20:35:17,862 INFO [main] o.s.x.e.Ec2Installer [Ec2Installer.java:216] Properties used are:ami -- ami-c7d092f7
2015-05-05 20:35:17,862 INFO [main] o.s.x.e.Ec2Installer [Ec2Installer.java:216] Properties used are:instance-provision-wait-time -- 60000
2015-05-05 20:35:17,862 INFO [main] o.s.x.e.Ec2Installer [Ec2Installer.java:216] Properties used are:spring.hadoop.fsUri -- tbd
2015-05-05 20:35:17,862 INFO [main] o.s.x.e.Ec2Installer [Ec2Installer.java:216] Properties used are:server.port -- 9393
2015-05-05 20:35:17,862 INFO [main] o.s.x.e.Ec2Installer [Ec2Installer.java:216] Properties used are:xd-third-party-jar-urls -- 
2015-05-05 20:35:17,862 INFO [main] o.s.x.e.Ec2Installer [Ec2Installer.java:216] Properties used are:zone -- us-west-2b
2015-05-05 20:35:17,862 INFO [main] o.s.x.e.Ec2Installer [Ec2Installer.java:216] Properties used are:mqtt.password -- guest
2015-05-05 20:35:17,862 INFO [main] o.s.x.e.Ec2Installer [Ec2Installer.java:216] Properties used are:mqtt.username -- guest
2015-05-05 20:35:17,863 INFO [main] o.s.x.e.Ec2Installer [Ec2Installer.java:216] Properties used are:description -- XD-Parcels-Instance
2015-05-05 20:35:17,863 INFO [main] o.s.x.e.Ec2Installer [Ec2Installer.java:216] Properties used are:spring_zookeeper_port -- 2181
2015-05-05 20:35:17,863 INFO [main] o.s.x.e.Ec2Installer [Ec2Installer.java:216] Properties used are:spring.datasource.url -- 
2015-05-05 20:35:17,863 INFO [main] o.s.x.e.Ec2Installer [Ec2Installer.java:216] Properties used are:management.port -- 15000
2015-05-05 20:35:17,863 INFO [main] o.s.x.e.Ec2Installer [Ec2Installer.java:216] Properties used are:public-key-name -- AWS-XDNode-Development
2015-05-05 20:35:17,863 INFO [main] o.s.x.e.Ec2Installer [Ec2Installer.java:216] Properties used are:machine-size -- small
2015-05-05 20:35:17,863 INFO [main] o.s.x.e.Ec2Installer [Ec2Installer.java:216] Properties used are:xd-release -- spring-xd-1.0.2.BUILD-SNAPSHOT
2015-05-05 20:35:17,863 INFO [main] o.s.x.e.Ec2Installer [Ec2Installer.java:216] Properties used are:security-group -- CentOS 7 -x86_64- with Updates HVM-7 2014-09-29-AutogenByAWSMP-1
2015-05-05 20:35:17,864 INFO [main] o.s.x.e.Ec2Installer [Ec2Installer.java:216] Properties used are:spring.datasource.password -- 
2015-05-05 20:35:17,864 INFO [main] o.s.x.e.Ec2Installer [Ec2Installer.java:216] Properties used are:spring.datasource.username -- 
2015-05-05 20:35:17,864 INFO [main] o.s.x.e.Ec2Installer [Ec2Installer.java:216] Properties used are:JVM_OPTS -- "-XX:PermSize=256m"
2015-05-05 20:35:17,864 INFO [main] o.s.x.e.Ec2Installer [Ec2Installer.java:216] Properties used are:xd-dist-url -- https://repo.spring.io/libs-snapshot-local/org/springframework/xd/spring-xd/1.0.2.BUILD-SNAPSHOT/spring-xd-1.0.2.BUILD-SNAPSHOT-dist.zip
2015-05-05 20:35:17,864 INFO [main] o.s.x.e.Ec2Installer [Ec2Installer.java:216] Properties used are:endpoints.jmx.enabled -- true
2015-05-05 20:35:17,864 INFO [main] o.s.x.e.Ec2Installer [Ec2Installer.java:216] Properties used are:multi-node -- true
2015-05-05 20:35:17,864 INFO [main] o.s.x.e.Ec2Installer [Ec2Installer.java:216] Properties used are:mqtt.default.client.id -- xd.mqtt.client.id
2015-05-05 20:35:17,864 INFO [main] o.s.x.e.Ec2Installer [Ec2Installer.java:216] Properties used are:XD_TRANSPORT -- rabbit
2015-05-05 20:35:17,865 INFO [main] o.s.x.e.Ec2Installer [Ec2Installer.java:216] Properties used are:aws-access-key -- 
2015-05-05 20:35:17,865 INFO [main] o.s.x.e.Ec2Installer [Ec2Installer.java:216] Properties used are:number-nodes -- 1
2015-05-05 20:35:17,865 INFO [main] o.s.x.e.Ec2Installer [Ec2Installer.java:216] Properties used are:mqtt.default.topic -- xd.mqtt.test
2015-05-05 20:35:17,865 INFO [main] o.s.x.e.Ec2Installer [Ec2Installer.java:216] Properties used are:spring.datasource.driverClassName -- 
2015-05-05 20:35:17,865 INFO [main] o.s.x.e.Ec2Installer [Ec2Installer.java:216] Properties used are:private-key-file -- J:/MyDocuments/development/AWS/AWS-XDNode-Development.pem
2015-05-05 20:35:17,865 INFO [main] o.s.x.e.Ec2Installer [Ec2Installer.java:216] Properties used are:user-name -- parcels-user
2015-05-05 20:35:17,865 INFO [main] o.s.x.e.Ec2Installer [Ec2Installer.java:216] Properties used are:endpoints.jmx.uniqueNames -- true
2015-05-05 20:35:17,865 INFO [main] o.s.x.e.Ec2Installer [Ec2Installer.java:216] Properties used are:cluster-name -- Parcels XD Cluster
2015-05-05 20:35:17,866 INFO [main] o.s.x.e.Ec2Installer [Ec2Installer.java:216] Properties used are:brokerURL -- tcp://localhost:61616
2015-05-05 20:35:17,866 INFO [main] o.s.x.e.Ec2Installer [Ec2Installer.java:216] Properties used are:region -- us-west-2
2015-05-05 20:35:17,866 INFO [main] o.s.x.e.Ec2Installer [Ec2Installer.java:216] Properties used are:aws-secret-key -- 
2015-05-05 20:35:17,866 INFO [main] o.s.x.e.Ec2Installer [Ec2Installer.java:216] Properties used are:XD_JMX_ENABLED -- true
2015-05-05 20:35:17,866 INFO [main] o.s.x.e.Ec2Installer [Ec2Installer.java:216] Properties used are:endpoints.jolokia.enabled -- true
2015-05-05 20:36:46,125 INFO [main] o.s.x.e.Ec2Installer [Ec2Installer.java:216] Properties used are:PORT -- 15005
2015-05-05 20:36:46,129 INFO [main] o.s.x.e.Ec2Installer [Ec2Installer.java:216] Properties used are:XD_HADOOP_DISTRO -- hadoop22
2015-05-05 20:36:46,129 INFO [main] o.s.x.e.Ec2Installer [Ec2Installer.java:216] Properties used are:ami -- ami-c7d092f7
2015-05-05 20:36:46,130 INFO [main] o.s.x.e.Ec2Installer [Ec2Installer.java:216] Properties used are:instance-provision-wait-time -- 60000
2015-05-05 20:36:46,130 INFO [main] o.s.x.e.Ec2Installer [Ec2Installer.java:216] Properties used are:spring.hadoop.fsUri -- tbd
2015-05-05 20:36:46,130 INFO [main] o.s.x.e.Ec2Installer [Ec2Installer.java:216] Properties used are:server.port -- 9393
2015-05-05 20:36:46,130 INFO [main] o.s.x.e.Ec2Installer [Ec2Installer.java:216] Properties used are:xd-third-party-jar-urls -- 
2015-05-05 20:36:46,130 INFO [main] o.s.x.e.Ec2Installer [Ec2Installer.java:216] Properties used are:zone -- us-west-2b
2015-05-05 20:36:46,131 INFO [main] o.s.x.e.Ec2Installer [Ec2Installer.java:216] Properties used are:mqtt.password -- guest
2015-05-05 20:36:46,131 INFO [main] o.s.x.e.Ec2Installer [Ec2Installer.java:216] Properties used are:mqtt.username -- guest
2015-05-05 20:36:46,131 INFO [main] o.s.x.e.Ec2Installer [Ec2Installer.java:216] Properties used are:description -- XD-Parcels-Instance
2015-05-05 20:36:46,131 INFO [main] o.s.x.e.Ec2Installer [Ec2Installer.java:216] Properties used are:spring_zookeeper_port -- 2181
2015-05-05 20:36:46,131 INFO [main] o.s.x.e.Ec2Installer [Ec2Installer.java:216] Properties used are:spring.datasource.url -- 
2015-05-05 20:36:46,132 INFO [main] o.s.x.e.Ec2Installer [Ec2Installer.java:216] Properties used are:management.port -- 15000
2015-05-05 20:36:46,132 INFO [main] o.s.x.e.Ec2Installer [Ec2Installer.java:216] Properties used are:public-key-name -- AWS-XDNode-Development
2015-05-05 20:36:46,132 INFO [main] o.s.x.e.Ec2Installer [Ec2Installer.java:216] Properties used are:machine-size -- small
2015-05-05 20:36:46,132 INFO [main] o.s.x.e.Ec2Installer [Ec2Installer.java:216] Properties used are:xd-release -- spring-xd-1.0.2.BUILD-SNAPSHOT
2015-05-05 20:36:46,132 INFO [main] o.s.x.e.Ec2Installer [Ec2Installer.java:216] Properties used are:security-group -- CentOS 7 -x86_64- with Updates HVM-7 2014-09-29-AutogenByAWSMP-1
2015-05-05 20:36:46,132 INFO [main] o.s.x.e.Ec2Installer [Ec2Installer.java:216] Properties used are:spring.datasource.password -- 
2015-05-05 20:36:46,133 INFO [main] o.s.x.e.Ec2Installer [Ec2Installer.java:216] Properties used are:spring.datasource.username -- 
2015-05-05 20:36:46,133 INFO [main] o.s.x.e.Ec2Installer [Ec2Installer.java:216] Properties used are:JVM_OPTS -- "-XX:PermSize=256m"
2015-05-05 20:36:46,133 INFO [main] o.s.x.e.Ec2Installer [Ec2Installer.java:216] Properties used are:xd-dist-url -- https://repo.spring.io/libs-snapshot-local/org/springframework/xd/spring-xd/1.0.2.BUILD-SNAPSHOT/spring-xd-1.0.2.BUILD-SNAPSHOT-dist.zip
2015-05-05 20:36:46,133 INFO [main] o.s.x.e.Ec2Installer [Ec2Installer.java:216] Properties used are:endpoints.jmx.enabled -- true
2015-05-05 20:36:46,133 INFO [main] o.s.x.e.Ec2Installer [Ec2Installer.java:216] Properties used are:multi-node -- true
2015-05-05 20:36:46,133 INFO [main] o.s.x.e.Ec2Installer [Ec2Installer.java:216] Properties used are:mqtt.default.client.id -- xd.mqtt.client.id
2015-05-05 20:36:46,133 INFO [main] o.s.x.e.Ec2Installer [Ec2Installer.java:216] Properties used are:XD_TRANSPORT -- rabbit
2015-05-05 20:36:46,133 INFO [main] o.s.x.e.Ec2Installer [Ec2Installer.java:216] Properties used are:aws-access-key -- 
2015-05-05 20:36:46,134 INFO [main] o.s.x.e.Ec2Installer [Ec2Installer.java:216] Properties used are:number-nodes -- 1
2015-05-05 20:36:46,134 INFO [main] o.s.x.e.Ec2Installer [Ec2Installer.java:216] Properties used are:mqtt.default.topic -- xd.mqtt.test
2015-05-05 20:36:46,134 INFO [main] o.s.x.e.Ec2Installer [Ec2Installer.java:216] Properties used are:spring.datasource.driverClassName -- 
2015-05-05 20:36:46,134 INFO [main] o.s.x.e.Ec2Installer [Ec2Installer.java:216] Properties used are:private-key-file -- J:/MyDocuments/development/AWS/AWS-XDNode-Development.pem
2015-05-05 20:36:46,134 INFO [main] o.s.x.e.Ec2Installer [Ec2Installer.java:216] Properties used are:user-name -- parcels-user
2015-05-05 20:36:46,134 INFO [main] o.s.x.e.Ec2Installer [Ec2Installer.java:216] Properties used are:endpoints.jmx.uniqueNames -- true
2015-05-05 20:36:46,134 INFO [main] o.s.x.e.Ec2Installer [Ec2Installer.java:216] Properties used are:cluster-name -- Parcels XD Cluster
2015-05-05 20:36:46,134 INFO [main] o.s.x.e.Ec2Installer [Ec2Installer.java:216] Properties used are:brokerURL -- tcp://localhost:61616
2015-05-05 20:36:46,135 INFO [main] o.s.x.e.Ec2Installer [Ec2Installer.java:216] Properties used are:region -- us-west-2
2015-05-05 20:36:46,135 INFO [main] o.s.x.e.Ec2Installer [Ec2Installer.java:216] Properties used are:aws-secret-key -- 
2015-05-05 20:36:46,135 INFO [main] o.s.x.e.Ec2Installer [Ec2Installer.java:216] Properties used are:XD_JMX_ENABLED -- true
2015-05-05 20:36:46,135 INFO [main] o.s.x.e.Ec2Installer [Ec2Installer.java:216] Properties used are:endpoints.jolokia.enabled -- true
2015-05-05 20:36:46,176 INFO [main] o.s.x.e.Ec2Installer [Ec2Installer.java:216] Properties used are:PORT -- 15005
2015-05-05 20:36:46,177 INFO [main] o.s.x.e.Ec2Installer [Ec2Installer.java:216] Properties used are:XD_HADOOP_DISTRO -- hadoop22
2015-05-05 20:36:46,177 INFO [main] o.s.x.e.Ec2Installer [Ec2Installer.java:216] Properties used are:ami -- ami-c7d092f7
2015-05-05 20:36:46,177 INFO [main] o.s.x.e.Ec2Installer [Ec2Installer.java:216] Properties used are:instance-provision-wait-time -- 60000
2015-05-05 20:36:46,177 INFO [main] o.s.x.e.Ec2Installer [Ec2Installer.java:216] Properties used are:spring.hadoop.fsUri -- tbd
2015-05-05 20:36:46,177 INFO [main] o.s.x.e.Ec2Installer [Ec2Installer.java:216] Properties used are:server.port -- 9393
2015-05-05 20:36:46,177 INFO [main] o.s.x.e.Ec2Installer [Ec2Installer.java:216] Properties used are:xd-third-party-jar-urls -- 
2015-05-05 20:36:46,177 INFO [main] o.s.x.e.Ec2Installer [Ec2Installer.java:216] Properties used are:zone -- us-west-2b
2015-05-05 20:36:46,178 INFO [main] o.s.x.e.Ec2Installer [Ec2Installer.java:216] Properties used are:mqtt.password -- guest
2015-05-05 20:36:46,178 INFO [main] o.s.x.e.Ec2Installer [Ec2Installer.java:216] Properties used are:mqtt.username -- guest
2015-05-05 20:36:46,178 INFO [main] o.s.x.e.Ec2Installer [Ec2Installer.java:216] Properties used are:description -- XD-Parcels-Instance
2015-05-05 20:36:46,178 INFO [main] o.s.x.e.Ec2Installer [Ec2Installer.java:216] Properties used are:spring_zookeeper_port -- 2181
2015-05-05 20:36:46,178 INFO [main] o.s.x.e.Ec2Installer [Ec2Installer.java:216] Properties used are:spring.datasource.url -- 
2015-05-05 20:36:46,178 INFO [main] o.s.x.e.Ec2Installer [Ec2Installer.java:216] Properties used are:management.port -- 15000
2015-05-05 20:36:46,178 INFO [main] o.s.x.e.Ec2Installer [Ec2Installer.java:216] Properties used are:public-key-name -- AWS-XDNode-Development
2015-05-05 20:36:46,178 INFO [main] o.s.x.e.Ec2Installer [Ec2Installer.java:216] Properties used are:machine-size -- small
2015-05-05 20:36:46,179 INFO [main] o.s.x.e.Ec2Installer [Ec2Installer.java:216] Properties used are:xd-release -- spring-xd-1.0.2.BUILD-SNAPSHOT
2015-05-05 20:36:46,179 INFO [main] o.s.x.e.Ec2Installer [Ec2Installer.java:216] Properties used are:security-group -- CentOS 7 -x86_64- with Updates HVM-7 2014-09-29-AutogenByAWSMP-1
2015-05-05 20:36:46,179 INFO [main] o.s.x.e.Ec2Installer [Ec2Installer.java:216] Properties used are:spring.datasource.password -- 
2015-05-05 20:36:46,179 INFO [main] o.s.x.e.Ec2Installer [Ec2Installer.java:216] Properties used are:spring.datasource.username -- 
2015-05-05 20:36:46,179 INFO [main] o.s.x.e.Ec2Installer [Ec2Installer.java:216] Properties used are:JVM_OPTS -- "-XX:PermSize=256m"
2015-05-05 20:36:46,179 INFO [main] o.s.x.e.Ec2Installer [Ec2Installer.java:216] Properties used are:xd-dist-url -- https://repo.spring.io/libs-snapshot-local/org/springframework/xd/spring-xd/1.0.2.BUILD-SNAPSHOT/spring-xd-1.0.2.BUILD-SNAPSHOT-dist.zip
2015-05-05 20:36:46,179 INFO [main] o.s.x.e.Ec2Installer [Ec2Installer.java:216] Properties used are:endpoints.jmx.enabled -- true
2015-05-05 20:36:46,179 INFO [main] o.s.x.e.Ec2Installer [Ec2Installer.java:216] Properties used are:multi-node -- true
2015-05-05 20:36:46,180 INFO [main] o.s.x.e.Ec2Installer [Ec2Installer.java:216] Properties used are:mqtt.default.client.id -- xd.mqtt.client.id
2015-05-05 20:36:46,180 INFO [main] o.s.x.e.Ec2Installer [Ec2Installer.java:216] Properties used are:XD_TRANSPORT -- rabbit
2015-05-05 20:36:46,180 INFO [main] o.s.x.e.Ec2Installer [Ec2Installer.java:216] Properties used are:aws-access-key -- 
2015-05-05 20:36:46,180 INFO [main] o.s.x.e.Ec2Installer [Ec2Installer.java:216] Properties used are:number-nodes -- 1
2015-05-05 20:36:46,180 INFO [main] o.s.x.e.Ec2Installer [Ec2Installer.java:216] Properties used are:mqtt.default.topic -- xd.mqtt.test
2015-05-05 20:36:46,180 INFO [main] o.s.x.e.Ec2Installer [Ec2Installer.java:216] Properties used are:spring.datasource.driverClassName -- 
2015-05-05 20:36:46,180 INFO [main] o.s.x.e.Ec2Installer [Ec2Installer.java:216] Properties used are:private-key-file -- J:/MyDocuments/development/AWS/AWS-XDNode-Development.pem
2015-05-05 20:36:46,180 INFO [main] o.s.x.e.Ec2Installer [Ec2Installer.java:216] Properties used are:user-name -- parcels-user
2015-05-05 20:36:46,181 INFO [main] o.s.x.e.Ec2Installer [Ec2Installer.java:216] Properties used are:endpoints.jmx.uniqueNames -- true
2015-05-05 20:36:46,181 INFO [main] o.s.x.e.Ec2Installer [Ec2Installer.java:216] Properties used are:cluster-name -- Parcels XD Cluster
2015-05-05 20:36:46,181 INFO [main] o.s.x.e.Ec2Installer [Ec2Installer.java:216] Properties used are:brokerURL -- tcp://localhost:61616
2015-05-05 20:36:46,181 INFO [main] o.s.x.e.Ec2Installer [Ec2Installer.java:216] Properties used are:region -- us-west-2
2015-05-05 20:36:46,181 INFO [main] o.s.x.e.Ec2Installer [Ec2Installer.java:216] Properties used are:aws-secret-key -- 
2015-05-05 20:36:46,181 INFO [main] o.s.x.e.Ec2Installer [Ec2Installer.java:216] Properties used are:XD_JMX_ENABLED -- true
2015-05-05 20:36:46,181 INFO [main] o.s.x.e.Ec2Installer [Ec2Installer.java:216] Properties used are:endpoints.jolokia.enabled -- true
